This is pdfTeX, Version 3.1415926-1.40.10 (MiKTeX 2.8) (preloaded format=pdflatex 2015.10.5)  31 OCT 2016 11:41
entering extended mode
**2.Innerpage.tex
("C:\Users\Rajeesh\Desktop\main project\miji report template\2.Innerpage.tex"
LaTeX2e <2009/09/24>
Babel <v3.8l> and hyphenation patterns for english, dumylang, nohyphenation, ge
rman, ngerman, german-x-2009-06-19, ngerman-x-2009-06-19, french, loaded.

! LaTeX Error: Environment titlepage undefined.

See the LaTeX manual or LaTeX Companion for explanation.
Type  H <return>  for immediate help.
 ...                                              
                                                  
l.2 \begin{titlepage}
                     
Your command was ignored.
Type  I <command> <return>  to replace it with another command,
or  <return>  to continue without it.


! LaTeX Error: Missing \begin{document}.

See the LaTeX manual or LaTeX Companion for explanation.
Type  H <return>  for immediate help.
 ...                                              
                                                  
l.5 		\begin{center}
                    
You're in trouble here.  Try typing  <return>  to proceed.
If that doesn't work, type  X <return>  to quit.


Overfull \hbox (20.0pt too wide) in paragraph at lines 5--5
[] 
 []

! Undefined control sequence.
<recently read> \Large 
                       
l.8 for Keyword Queries Over XML Data}}
                                       
The control sequence at the end of the top line
of your error message was never \def'ed. If you have
misspelled it (e.g., `\hobx'), type `I' and the correct
spelling (e.g., `I\hbox'). Otherwise just continue,
and I'll forget about whatever was undefined.


Overfull \hbox (44.24283pt too wide) in paragraph at lines 8--9
 \OT1/cmr/bx/n/10 Context- 
 []


Overfull \hbox (29.96648pt too wide) in paragraph at lines 8--9
 \OT1/cmr/bx/n/10 Based 
 []


Overfull \hbox (15.84714pt too wide) in paragraph at lines 8--9
 \OT1/cmr/bx/n/10 Di- 
 []


Overfull \hbox (19.5902pt too wide) in paragraph at lines 8--9
 \OT1/cmr/bx/n/10 ver- 
 []


Overfull \hbox (11.56381pt too wide) in paragraph at lines 8--9
 \OT1/cmr/bx/n/10 si- 
 []


Overfull \hbox (10.22217pt too wide) in paragraph at lines 8--9
 \OT1/cmr/bx/n/10 fi- 
 []


Overfull \hbox (14.53462pt too wide) in paragraph at lines 8--9
 \OT1/cmr/bx/n/10 ca- 
 []


Overfull \hbox (19.80545pt too wide) in paragraph at lines 8--9
 \OT1/cmr/bx/n/10 tion 
 []


Overfull \hbox (13.99994pt too wide) in paragraph at lines 8--9
 \OT1/cmr/bx/n/10 for 
 []


Overfull \hbox (24.18738pt too wide) in paragraph at lines 8--9
 \OT1/cmr/bx/n/10 Key- 
 []


Overfull \hbox (24.861pt too wide) in paragraph at lines 8--9
 \OT1/cmr/bx/n/10 word 
 []


Overfull \hbox (38.03592pt too wide) in paragraph at lines 8--9
 \OT1/cmr/bx/n/10 Queries 
 []


Overfull \hbox (24.39572pt too wide) in paragraph at lines 8--9
 \OT1/cmr/bx/n/10 Over 
 []


Overfull \hbox (26.52763pt too wide) in paragraph at lines 8--9
 \OT1/cmr/bx/n/10 XML 
 []


Overfull \hbox (24.47205pt too wide) in paragraph at lines 8--9
 \OT1/cmr/bx/n/10 Data 
 []


Overfull \hbox (20.0pt too wide) in paragraph at lines 13--13
[] 
 []


Overfull \hbox (15.08325pt too wide) in paragraph at lines 14--14
 \OT1/cmr/bx/n/10 An 
 []


Overfull \hbox (14.58325pt too wide) in paragraph at lines 14--14
 \OT1/cmr/bx/n/10 In- 
 []


Overfull \hbox (27.25682pt too wide) in paragraph at lines 14--14
 \OT1/cmr/bx/n/10 terim 
 []


Overfull \hbox (23.49294pt too wide) in paragraph at lines 14--14
 \OT1/cmr/bx/n/10 The- 
 []


Overfull \hbox (12.26657pt too wide) in paragraph at lines 14--14
 \OT1/cmr/bx/n/10 sis 
 []


Overfull \hbox (17.72908pt too wide) in paragraph at lines 14--14
 \OT1/cmr/bx/n/10 Re- 
 []


Overfull \hbox (21.66656pt too wide) in paragraph at lines 14--14
 \OT1/cmr/bx/n/10 port 
 []


Overfull \hbox (42.67747pt too wide) in paragraph at lines 16--16
 []\OT1/cmr/m/it/10 Submitted 
 []


Overfull \hbox (10.3402pt too wide) in paragraph at lines 16--16
 \OT1/cmr/m/it/10 by 
 []


Overfull \hbox (23.05544pt too wide) in paragraph at lines 18--18
 []\OT1/cmr/bx/n/10 Migi 
 []


Overfull \hbox (12.20827pt too wide) in paragraph at lines 18--18
 \OT1/cmr/bx/n/10 K. 
 []


Overfull \hbox (74.80516pt too wide) in paragraph at lines 19--20
 []\OT1/cmr/bx/n/10 (15MCS11002) 
 []


Overfull \hbox (20.0pt too wide) in paragraph at lines 24--24
[] 
 []


Overfull \hbox (9.47772pt too wide) in paragraph at lines 25--25
 \OT1/cmr/m/it/10 In 
 []


Overfull \hbox (17.50542pt too wide) in paragraph at lines 25--25
 \OT1/cmr/m/it/10 par- 
 []


Overfull \hbox (14.05547pt too wide) in paragraph at lines 25--25
 \OT1/cmr/m/it/10 tial 
 []


Overfull \hbox (14.56657pt too wide) in paragraph at lines 25--25
 \OT1/cmr/m/it/10 ful- 
 []


Overfull \hbox (11.75548pt too wide) in paragraph at lines 25--25
 \OT1/cmr/m/it/10 fil- 
 []


Overfull \hbox (21.72208pt too wide) in paragraph at lines 25--25
 \OT1/cmr/m/it/10 ment 
 []


Overfull \hbox (8.17773pt too wide) in paragraph at lines 25--25
 \OT1/cmr/m/it/10 of 
 []


Overfull \hbox (11.88321pt too wide) in paragraph at lines 25--25
 \OT1/cmr/m/it/10 re- 
 []


Overfull \hbox (24.91646pt too wide) in paragraph at lines 25--25
 \OT1/cmr/m/it/10 quire- 
 []


Overfull \hbox (25.81094pt too wide) in paragraph at lines 25--25
 \OT1/cmr/m/it/10 ments 
 []


Overfull \hbox (12.39436pt too wide) in paragraph at lines 25--25
 \OT1/cmr/m/it/10 for 
 []


Overfull \hbox (13.03323pt too wide) in paragraph at lines 25--25
 \OT1/cmr/m/it/10 the 
 []


Overfull \hbox (25.68317pt too wide) in paragraph at lines 25--25
 \OT1/cmr/m/it/10 award 
 []


Overfull \hbox (8.17773pt too wide) in paragraph at lines 25--25
 \OT1/cmr/m/it/10 of 
 []


Overfull \hbox (13.03323pt too wide) in paragraph at lines 25--25
 \OT1/cmr/m/it/10 the 
 []


Overfull \hbox (13.28879pt too wide) in paragraph at lines 25--25
 \OT1/cmr/m/it/10 de- 
 []


Overfull \hbox (16.99426pt too wide) in paragraph at lines 25--25
 \OT1/cmr/m/it/10 gree 
 []


Overfull \hbox (10.29718pt too wide) in paragraph at lines 25--25
 \OT1/cmr/m/it/10 of 
 []


Overfull \hbox (50.18028pt too wide) in paragraph at lines 27--27
 []\OT1/cmr/bx/n/10 MASTER 
 []


Overfull \hbox (15.87491pt too wide) in paragraph at lines 27--27
 \OT1/cmr/bx/n/10 OF 
 []


Overfull \hbox (36.69424pt too wide) in paragraph at lines 27--27
 \OT1/cmr/bx/n/10 TECH- 
 []


Overfull \hbox (28.38873pt too wide) in paragraph at lines 27--27
 \OT1/cmr/bx/n/10 NOL- 
 []


Overfull \hbox (26.66234pt too wide) in paragraph at lines 27--27
 \OT1/cmr/bx/n/10 OGY 
 []


Overfull \hbox (9.45598pt too wide) in paragraph at lines 29--29
 []\OT1/cmr/m/it/10 in 
 []


Overfull \hbox (68.74962pt too wide) in paragraph at lines 31--31
 []\OT1/cmr/bx/n/10 COMPUTER 
 []


Overfull \hbox (22.88876pt too wide) in paragraph at lines 31--31
 \OT1/cmr/bx/n/10 SCI- 
 []


Overfull \hbox (32.41649pt too wide) in paragraph at lines 31--31
 \OT1/cmr/bx/n/10 ENCE 
 []


Overfull \hbox (26.51375pt too wide) in paragraph at lines 31--31
 \OT1/cmr/bx/n/10 AND 
 []


Overfull \hbox (20.38878pt too wide) in paragraph at lines 31--31
 \OT1/cmr/bx/n/10 EN- 
 []


Overfull \hbox (17.23601pt too wide) in paragraph at lines 31--31
 \OT1/cmr/bx/n/10 GI- 
 []


Overfull \hbox (36.56924pt too wide) in paragraph at lines 31--31
 \OT1/cmr/bx/n/10 NEER- 
 []


Overfull \hbox (22.40265pt too wide) in paragraph at lines 31--31
 \OT1/cmr/bx/n/10 ING 
 []


Overfull \hbox (20.0pt too wide) in paragraph at lines 35--35
[] 
 []


Overfull \hbox (26.98315pt too wide) in paragraph at lines 36--36
 \OT1/cmr/m/it/10 Under 
 []


Overfull \hbox (13.03323pt too wide) in paragraph at lines 36--36
 \OT1/cmr/m/it/10 the 
 []


Overfull \hbox (21.72208pt too wide) in paragraph at lines 36--36
 \OT1/cmr/m/it/10 guid- 
 []


Overfull \hbox (19.42207pt too wide) in paragraph at lines 36--36
 \OT1/cmr/m/it/10 ance 
 []


Overfull \hbox (10.29718pt too wide) in paragraph at lines 36--36
 \OT1/cmr/m/it/10 of 
 []


Overfull \hbox (18.64711pt too wide) in paragraph at lines 37--38
 []\OT1/cmr/bx/n/10 Ms. 
 []


Overfull \hbox (33.36095pt too wide) in paragraph at lines 37--38
 \OT1/cmr/bx/n/10 Princy 
 []


Overfull \hbox (35.81927pt too wide) in paragraph at lines 37--38
 \OT1/cmr/bx/n/10 George 
 []


! LaTeX Error: Environment figure undefined.

See the LaTeX manual or LaTeX Companion for explanation.
Type  H <return>  for immediate help.
 ...                                              
                                                  
l.41 \begin{figure}
                   [h]
Your command was ignored.
Type  I <command> <return>  to replace it with another command,
or  <return>  to continue without it.

Missing character: There is no [ in font nullfont!
Missing character: There is no h in font nullfont!
Missing character: There is no ] in font nullfont!
! Undefined control sequence.
l.43             \includegraphics
                                 [width=1.5in]{Logo.png}\\
The control sequence at the end of the top line
of your error message was never \def'ed. If you have
misspelled it (e.g., `\hobx'), type `I' and the correct
spelling (e.g., `I\hbox'). Otherwise just continue,
and I'll forget about whatever was undefined.

Missing character: There is no [ in font nullfont!
Missing character: There is no w in font nullfont!
Missing character: There is no i in font nullfont!
Missing character: There is no d in font nullfont!
Missing character: There is no t in font nullfont!
Missing character: There is no h in font nullfont!
Missing character: There is no = in font nullfont!
Missing character: There is no 1 in font nullfont!
Missing character: There is no . in font nullfont!
Missing character: There is no 5 in font nullfont!
Missing character: There is no i in font nullfont!
Missing character: There is no n in font nullfont!
Missing character: There is no ] in font nullfont!
Missing character: There is no L in font nullfont!
Missing character: There is no o in font nullfont!
Missing character: There is no g in font nullfont!
Missing character: There is no o in font nullfont!
Missing character: There is no . in font nullfont!
Missing character: There is no p in font nullfont!
Missing character: There is no n in font nullfont!
Missing character: There is no g in font nullfont!

Overfull \hbox (20.0pt too wide) in paragraph at lines 41--43
 [] 
 []

! Undefined control sequence.
<recently read> \text 
                      
l.44             \text
                      {\scriptsize(ISO 9001:2008 Certified)}
The control sequence at the end of the top line
of your error message was never \def'ed. If you have
misspelled it (e.g., `\hobx'), type `I' and the correct
spelling (e.g., `I\hbox'). Otherwise just continue,
and I'll forget about whatever was undefined.

! Undefined control sequence.
l.44             \text{\scriptsize
                                  (ISO 9001:2008 Certified)}
The control sequence at the end of the top line
of your error message was never \def'ed. If you have
misspelled it (e.g., `\hobx'), type `I' and the correct
spelling (e.g., `I\hbox'). Otherwise just continue,
and I'll forget about whatever was undefined.

Missing character: There is no ( in font nullfont!
Missing character: There is no I in font nullfont!
Missing character: There is no S in font nullfont!
Missing character: There is no O in font nullfont!
Missing character: There is no 9 in font nullfont!
Missing character: There is no 0 in font nullfont!
Missing character: There is no 0 in font nullfont!
Missing character: There is no 1 in font nullfont!
Missing character: There is no : in font nullfont!
Missing character: There is no 2 in font nullfont!
Missing character: There is no 0 in font nullfont!
Missing character: There is no 0 in font nullfont!
Missing character: There is no 8 in font nullfont!
Missing character: There is no C in font nullfont!
Missing character: There is no e in font nullfont!
Missing character: There is no r in font nullfont!
Missing character: There is no t in font nullfont!
Missing character: There is no i in font nullfont!
Missing character: There is no f in font nullfont!
Missing character: There is no i in font nullfont!
Missing character: There is no e in font nullfont!
Missing character: There is no d in font nullfont!
Missing character: There is no ) in font nullfont!

! LaTeX Error: \begin{document} ended by \end{figure}.

See the LaTeX manual or LaTeX Companion for explanation.
Type  H <return>  for immediate help.
 ...                                              
                                                  
l.45 \end{figure}
                 
Your command was ignored.
Type  I <command> <return>  to replace it with another command,
or  <return>  to continue without it.


Overfull \hbox (20.0pt too wide) in paragraph at lines 48--48
[] 
 []


! LaTeX Error: Environment singlespace undefined.

See the LaTeX manual or LaTeX Companion for explanation.
Type  H <return>  for immediate help.
 ...                                              
                                                  
l.49 				\begin{singlespace}
                            
Your command was ignored.
Type  I <command> <return>  to replace it with another command,
or  <return>  to continue without it.

Missing character: There is no D in font nullfont!
Missing character: There is no E in font nullfont!
Missing character: There is no P in font nullfont!
Missing character: There is no A in font nullfont!
Missing character: There is no R in font nullfont!
Missing character: There is no T in font nullfont!
Missing character: There is no M in font nullfont!
Missing character: There is no E in font nullfont!
Missing character: There is no N in font nullfont!
Missing character: There is no T in font nullfont!
Missing character: There is no O in font nullfont!
Missing character: There is no F in font nullfont!
Missing character: There is no C in font nullfont!
Missing character: There is no O in font nullfont!
Missing character: There is no M in font nullfont!
Missing character: There is no P in font nullfont!
Missing character: There is no U in font nullfont!
Missing character: There is no T in font nullfont!
Missing character: There is no E in font nullfont!
Missing character: There is no R in font nullfont!
Missing character: There is no S in font nullfont!
Missing character: There is no C in font nullfont!
Missing character: There is no I in font nullfont!
Missing character: There is no E in font nullfont!
Missing character: There is no N in font nullfont!
Missing character: There is no C in font nullfont!
Missing character: There is no E in font nullfont!
Missing character: There is no & in font nullfont!
Missing character: There is no E in font nullfont!
Missing character: There is no N in font nullfont!
Missing character: There is no G in font nullfont!
Missing character: There is no I in font nullfont!
Missing character: There is no N in font nullfont!
Missing character: There is no E in font nullfont!
Missing character: There is no E in font nullfont!
Missing character: There is no R in font nullfont!
Missing character: There is no I in font nullfont!
Missing character: There is no N in font nullfont!
Missing character: There is no G in font nullfont!
Missing character: There is no M in font nullfont!
Missing character: There is no E in font nullfont!
Missing character: There is no S in font nullfont!
Missing character: There is no C in font nullfont!
Missing character: There is no O in font nullfont!
Missing character: There is no L in font nullfont!
Missing character: There is no L in font nullfont!
Missing character: There is no E in font nullfont!
Missing character: There is no G in font nullfont!
Missing character: There is no E in font nullfont!
Missing character: There is no O in font nullfont!
Missing character: There is no F in font nullfont!
Missing character: There is no E in font nullfont!
Missing character: There is no N in font nullfont!
Missing character: There is no G in font nullfont!
Missing character: There is no I in font nullfont!
Missing character: There is no N in font nullfont!
Missing character: There is no E in font nullfont!
Missing character: There is no E in font nullfont!
Missing character: There is no R in font nullfont!
Missing character: There is no I in font nullfont!
Missing character: There is no N in font nullfont!
Missing character: There is no G in font nullfont!
Missing character: There is no K in font nullfont!
Missing character: There is no U in font nullfont!
Missing character: There is no T in font nullfont!
Missing character: There is no T in font nullfont!
Missing character: There is no I in font nullfont!
Missing character: There is no P in font nullfont!
Missing character: There is no P in font nullfont!
Missing character: There is no U in font nullfont!
Missing character: There is no R in font nullfont!
Missing character: There is no A in font nullfont!
Missing character: There is no M in font nullfont!
Missing character: There is no T in font nullfont!
Missing character: There is no h in font nullfont!
Missing character: There is no r in font nullfont!
Missing character: There is no i in font nullfont!
Missing character: There is no k in font nullfont!
Missing character: There is no k in font nullfont!
Missing character: There is no a in font nullfont!
Missing character: There is no n in font nullfont!
Missing character: There is no a in font nullfont!
Missing character: There is no p in font nullfont!
Missing character: There is no u in font nullfont!
Missing character: There is no r in font nullfont!
Missing character: There is no a in font nullfont!
Missing character: There is no m in font nullfont!
Missing character: There is no P in font nullfont!
Missing character: There is no . in font nullfont!
Missing character: There is no O in font nullfont!
Missing character: There is no . in font nullfont!
Missing character: There is no , in font nullfont!
Missing character: There is no M in font nullfont!
Missing character: There is no a in font nullfont!
Missing character: There is no l in font nullfont!
Missing character: There is no a in font nullfont!
Missing character: There is no p in font nullfont!
Missing character: There is no p in font nullfont!
Missing character: There is no u in font nullfont!
Missing character: There is no r in font nullfont!
Missing character: There is no a in font nullfont!
Missing character: There is no m in font nullfont!
Missing character: There is no D in font nullfont!
Missing character: There is no t in font nullfont!
Missing character: There is no . in font nullfont!
Missing character: There is no , in font nullfont!
Missing character: There is no K in font nullfont!
Missing character: There is no e in font nullfont!
Missing character: There is no r in font nullfont!
Missing character: There is no a in font nullfont!
Missing character: There is no l in font nullfont!
Missing character: There is no a in font nullfont!
Missing character: There is no , in font nullfont!
Missing character: There is no I in font nullfont!
Missing character: There is no n in font nullfont!
Missing character: There is no d in font nullfont!
Missing character: There is no i in font nullfont!
Missing character: There is no a in font nullfont!
Missing character: There is no 6 in font nullfont!
Missing character: There is no 7 in font nullfont!
Missing character: There is no 9 in font nullfont!
Missing character: There is no 5 in font nullfont!
Missing character: There is no 7 in font nullfont!
Missing character: There is no 3 in font nullfont!
Missing character: There is no ( in font nullfont!
Missing character: There is no A in font nullfont!
Missing character: There is no f in font nullfont!
Missing character: There is no f in font nullfont!
Missing character: There is no i in font nullfont!
Missing character: There is no l in font nullfont!
Missing character: There is no i in font nullfont!
Missing character: There is no a in font nullfont!
Missing character: There is no t in font nullfont!
Missing character: There is no e in font nullfont!
Missing character: There is no d in font nullfont!
Missing character: There is no t in font nullfont!
Missing character: There is no o in font nullfont!
Missing character: There is no A in font nullfont!
Missing character: There is no P in font nullfont!
Missing character: There is no J in font nullfont!
Missing character: There is no A in font nullfont!
Missing character: There is no B in font nullfont!
Missing character: There is no D in font nullfont!
Missing character: There is no U in font nullfont!
Missing character: There is no L in font nullfont!
Missing character: There is no K in font nullfont!
Missing character: There is no A in font nullfont!
Missing character: There is no L in font nullfont!
Missing character: There is no A in font nullfont!
Missing character: There is no M in font nullfont!
Missing character: There is no T in font nullfont!
Missing character: There is no E in font nullfont!
Missing character: There is no C in font nullfont!
Missing character: There is no H in font nullfont!
Missing character: There is no N in font nullfont!
Missing character: There is no O in font nullfont!
Missing character: There is no L in font nullfont!
Missing character: There is no O in font nullfont!
Missing character: There is no G in font nullfont!
Missing character: There is no I in font nullfont!
Missing character: There is no C in font nullfont!
Missing character: There is no A in font nullfont!
Missing character: There is no L in font nullfont!
Missing character: There is no U in font nullfont!
Missing character: There is no N in font nullfont!
Missing character: There is no I in font nullfont!
Missing character: There is no V in font nullfont!
Missing character: There is no E in font nullfont!
Missing character: There is no R in font nullfont!
Missing character: There is no S in font nullfont!
Missing character: There is no I in font nullfont!
Missing character: There is no T in font nullfont!
Missing character: There is no Y in font nullfont!
Missing character: There is no ) in font nullfont!
Missing character: There is no D in font nullfont!
Missing character: There is no E in font nullfont!
Missing character: There is no C in font nullfont!
Missing character: There is no E in font nullfont!
Missing character: There is no M in font nullfont!
Missing character: There is no B in font nullfont!
Missing character: There is no E in font nullfont!
Missing character: There is no R in font nullfont!
Missing character: There is no 2 in font nullfont!
Missing character: There is no 0 in font nullfont!
Missing character: There is no 1 in font nullfont!
Missing character: There is no 6 in font nullfont!

! LaTeX Error: \begin{center} on input line 48 ended by \end{singlespace}.

See the LaTeX manual or LaTeX Companion for explanation.
Type  H <return>  for immediate help.
 ...                                              
                                                  
l.56 				\end{singlespace}
                          
Your command was ignored.
Type  I <command> <return>  to replace it with another command,
or  <return>  to continue without it.


Underfull \vbox (badness 10000) has occurred while \output is active []



! LaTeX Error: The font size command \normalsize is not defined:
               there is probably something wrong with the class file.

See the LaTeX manual or LaTeX Companion for explanation.
Type  H <return>  for immediate help.
 ...                                              
                                                  
l.62 \end
         {titlepage}
Your command was ignored.
Type  I <command> <return>  to replace it with another command,
or  <return>  to continue without it.

[0{C:/ProgramData/MiKTeX/2.8/pdftex/config/pdftex.map}]

! LaTeX Error: \begin{document} ended by \end{titlepage}.

See the LaTeX manual or LaTeX Companion for explanation.
Type  H <return>  for immediate help.
 ...                                              
                                                  
l.62 \end{titlepage}
                    
Your command was ignored.
Type  I <command> <return>  to replace it with another command,
or  <return>  to continue without it.

)
! Emergency stop.
<*> 2.Innerpage.tex
                   
*** (job aborted, no legal \end found)

 
Here is how much of TeX's memory you used:
 22 strings out of 495285
 425 string characters out of 3179821
 48037 words of memory out of 3000000
 3317 multiletter control sequences out of 15000+200000
 4294 words of font info for 16 fonts, out of 3000000 for 9000
 14 hyphenation exceptions out of 8191
 21i,4n,17p,116b,136s stack positions out of 5000i,500n,10000p,200000b,50000s
!  ==> Fatal error occurred, no output PDF file produced!
